2023-05-21 17:34:29,619 [INFO] Activator:179 - 


2023-05-21 17:34:29,620 [INFO] Activator:180 - !SESSION log4j initialized
2023-05-21 17:34:54,405 [ERROR] LogOutputStream:74 - [STDERR_REDIRECT] SLF4J: Failed to load class "org.slf4j.impl.StaticLoggerBinder".
2023-05-21 17:34:54,405 [ERROR] LogOutputStream:74 - [STDERR_REDIRECT] SLF4J: Defaulting to no-operation (NOP) logger implementation
2023-05-21 17:34:54,407 [ERROR] LogOutputStream:74 - [STDERR_REDIRECT] SLF4J: See http://www.slf4j.org/codes.html#StaticLoggerBinder for further details.
2023-05-21 17:35:26,852 [INFO] McuFinderGlobals:52 - Set McuFinder mode to 2 (CubeIDE integrated)
2023-05-21 17:35:29,249 [INFO] ApplicationProperties:181 - Using Application install path: E:\STM32CubeIDE_1.11.2\STM32CubeIDE\plugins\com.st.stm32cube.common.mx_6.7.0.202301130839
2023-05-21 17:35:29,280 [INFO] DbMcusXml:77 - Set database path to: E:\STM32CubeIDE_1.11.2\STM32CubeIDE\plugins\com.st.stm32cube.common.mx_6.7.0.202301130839\\db\/mcu/
2023-05-21 17:35:29,281 [INFO] ApiDb:273 - Set plugin database path to: E:\STM32CubeIDE_1.11.2\STM32CubeIDE\plugins\com.st.stm32cube.common.mx_6.7.0.202301130839\\db\/plugins/boardmanager/
2023-05-21 17:35:29,283 [WARN] ApiDb:258 - Overriding images path with different value:  => E:\STM32CubeIDE_1.11.2\STM32CubeIDE\plugins\com.st.stm32cube.common.mx_6.7.0.202301130839\\db\/plugins/mcufinder/images/
2023-05-21 17:35:29,332 [INFO] ApiDb:249 - Set database path to: C:\Users\Peter\.stmcufinder\plugins\mcufinder//mcu/
2023-05-21 17:35:29,333 [INFO] DbMcusAds:124 - Set database path to: C:\Users\Peter\.stmcufinder\plugins\mcufinder//mcu/
2023-05-21 17:35:29,346 [INFO] CrossReferenceDbSqlite:202 - Set database path to: C:\Users\Peter\.stmcufinder\plugins\mcufinder//mcu/cs/
2023-05-21 17:35:29,555 [INFO] RulesReader:61 - Compatibility file has been processed (283 Rules)
2023-05-21 17:35:29,750 [INFO] DbMcusXml:77 - Set database path to: E:\STM32CubeIDE_1.11.2\STM32CubeIDE\plugins\com.st.stm32cube.common.mx_6.7.0.202301130839\\db\/mcu/
2023-05-21 17:35:29,751 [INFO] ApiDb:273 - Set plugin database path to: E:\STM32CubeIDE_1.11.2\STM32CubeIDE\plugins\com.st.stm32cube.common.mx_6.7.0.202301130839\\db\/plugins/boardmanager/
2023-05-21 17:35:29,751 [INFO] ApiDb:260 - Set plugin images path to: E:\STM32CubeIDE_1.11.2\STM32CubeIDE\plugins\com.st.stm32cube.common.mx_6.7.0.202301130839\\db\/plugins/mcufinder/images/
2023-05-21 17:35:29,752 [WARN] DbFile:40 - Overriding database path with different value: C:\Users\Peter\.stmcufinder\plugins\mcufinder/ => C:\Users\Peter\.stmcufinder\plugins\mcufinder
2023-05-21 17:35:29,752 [INFO] ApiDb:249 - Set database path to: C:\Users\Peter\.stmcufinder\plugins\mcufinder//mcu/
2023-05-21 17:35:29,753 [WARN] DbFile:40 - Overriding database path with different value: C:\Users\Peter\.stmcufinder\plugins\mcufinder/ => C:\Users\Peter\.stmcufinder\plugins\mcufinder
2023-05-21 17:35:29,753 [INFO] DbMcusAds:124 - Set database path to: C:\Users\Peter\.stmcufinder\plugins\mcufinder//mcu/
2023-05-21 17:35:29,754 [WARN] DbFile:40 - Overriding database path with different value: C:\Users\Peter\.stmcufinder\plugins\mcufinder/ => C:\Users\Peter\.stmcufinder\plugins\mcufinder
2023-05-21 17:35:29,755 [WARN] DbFile:40 - Overriding database path with different value: C:\Users\Peter\.stmcufinder\plugins\mcufinder/ => C:\Users\Peter\.stmcufinder\plugins\mcufinder
2023-05-21 17:35:29,755 [INFO] CrossReferenceDbSqlite:202 - Set database path to: C:\Users\Peter\.stmcufinder\plugins\mcufinder//mcu/cs/
2023-05-21 17:35:29,994 [INFO] MainPanel:252 - HeapMemory: 416284672
2023-05-21 17:35:30,155 [INFO] DbMcusXml:77 - Set database path to: E:\STM32CubeIDE_1.11.2\STM32CubeIDE\plugins\com.st.stm32cube.common.mx_6.7.0.202301130839\\db\/mcu/
2023-05-21 17:35:30,155 [INFO] ApiDb:273 - Set plugin database path to: E:\STM32CubeIDE_1.11.2\STM32CubeIDE\plugins\com.st.stm32cube.common.mx_6.7.0.202301130839\\db\/plugins/boardmanager/
2023-05-21 17:35:30,155 [INFO] ApiDb:260 - Set plugin images path to: E:\STM32CubeIDE_1.11.2\STM32CubeIDE\plugins\com.st.stm32cube.common.mx_6.7.0.202301130839\\db\/plugins/mcufinder/images/
2023-05-21 17:35:30,156 [WARN] DbFile:40 - Overriding database path with different value: C:\Users\Peter\.stmcufinder\plugins\mcufinder/ => C:\Users\Peter\.stmcufinder\plugins\mcufinder
2023-05-21 17:35:30,156 [INFO] ApiDb:249 - Set database path to: C:\Users\Peter\.stmcufinder\plugins\mcufinder//mcu/
2023-05-21 17:35:30,156 [WARN] DbFile:40 - Overriding database path with different value: C:\Users\Peter\.stmcufinder\plugins\mcufinder/ => C:\Users\Peter\.stmcufinder\plugins\mcufinder
2023-05-21 17:35:30,156 [INFO] DbMcusAds:124 - Set database path to: C:\Users\Peter\.stmcufinder\plugins\mcufinder//mcu/
2023-05-21 17:35:30,157 [WARN] DbFile:40 - Overriding database path with different value: C:\Users\Peter\.stmcufinder\plugins\mcufinder/ => C:\Users\Peter\.stmcufinder\plugins\mcufinder
2023-05-21 17:35:30,157 [WARN] DbFile:40 - Overriding database path with different value: C:\Users\Peter\.stmcufinder\plugins\mcufinder/ => C:\Users\Peter\.stmcufinder\plugins\mcufinder
2023-05-21 17:35:30,157 [INFO] CrossReferenceDbSqlite:202 - Set database path to: C:\Users\Peter\.stmcufinder\plugins\mcufinder//mcu/cs/
2023-05-21 17:35:30,198 [INFO] ApplicationProperties:181 - Using Application install path: E:\STM32CubeIDE_1.11.2\STM32CubeIDE\plugins\com.st.stm32cube.common.mx_6.7.0.202301130839
2023-05-21 17:35:30,199 [INFO] PluginManage:193 - Search for loadable plugins [exclusion list=, ]
2023-05-21 17:35:30,209 [INFO] PluginManage:307 - Check plugin analytics
2023-05-21 17:35:30,415 [INFO] AnalyticsPlugin:262 - Accepted Software Licenses: 
2023-05-21 17:35:30,416 [INFO] AnalyticsPlugin:264 - Accepted CMSIS Pack Licenses: 
2023-05-21 17:35:30,417 [INFO] AnalyticsPlugin:266 - Accepted Firmware Licenses: 
2023-05-21 17:35:30,427 [INFO] PluginManage:356 - Loaded plugin analytics (category:tool,tabindex:-1)
2023-05-21 17:35:30,427 [INFO] PluginManage:307 - Check plugin cadmodel
2023-05-21 17:35:30,474 [INFO] CADModel:104 - Init CAD model plugin
2023-05-21 17:35:30,474 [INFO] PluginManage:356 - Loaded plugin cadmodel (category:power,tabindex:5)
2023-05-21 17:35:30,474 [INFO] PluginManage:307 - Check plugin clock
2023-05-21 17:35:30,529 [INFO] PluginManage:356 - Loaded plugin clock (category:base,tabindex:2)
2023-05-21 17:35:30,529 [INFO] PluginManage:307 - Check plugin ddr
2023-05-21 17:35:30,538 [INFO] PluginManage:356 - Loaded plugin ddr (category:tool,tabindex:6)
2023-05-21 17:35:30,538 [INFO] PluginManage:307 - Check plugin filemanager
2023-05-21 17:35:30,749 [INFO] PluginManage:356 - Loaded plugin filemanager (category:base,tabindex:10)
2023-05-21 17:35:30,749 [INFO] PluginManage:307 - Check plugin ipmanager
2023-05-21 17:35:30,770 [INFO] PluginManage:356 - Loaded plugin ipmanager (category:base,tabindex:5)
2023-05-21 17:35:30,771 [INFO] PluginManage:307 - Check plugin lpbam
2023-05-21 17:35:30,807 [INFO] PluginManage:356 - Loaded plugin lpbam (category:base,tabindex:0)
2023-05-21 17:35:30,807 [INFO] PluginManage:307 - Check plugin pinoutandconfiguration
2023-05-21 17:35:30,844 [INFO] PluginManage:356 - Loaded plugin pinoutandconfiguration (category:base,tabindex:1)
2023-05-21 17:35:30,845 [INFO] PluginManage:307 - Check plugin pinoutconfig
2023-05-21 17:35:30,917 [INFO] PluginManage:356 - Loaded plugin pinoutconfig (category:base,tabindex:0)
2023-05-21 17:35:30,917 [INFO] PluginManage:307 - Check plugin power
2023-05-21 17:35:30,973 [INFO] PluginManage:356 - Loaded plugin power (category:power,tabindex:4)
2023-05-21 17:35:30,973 [INFO] PluginManage:307 - Check plugin projectmanager
2023-05-21 17:35:31,012 [INFO] PluginManage:356 - Loaded plugin projectmanager (category:projectmanager,tabindex:3)
2023-05-21 17:35:31,012 [INFO] PluginManage:307 - Check plugin thirdparty
2023-05-21 17:35:31,374 [WARN] IntegrityCheckThread:82 - waiting for thirdparty lock release [integrity check]
2023-05-21 17:35:31,374 [INFO] PluginManage:356 - Loaded plugin thirdparty (category:base,tabindex:-1)
2023-05-21 17:35:31,375 [INFO] IntegrityCheckThread:84 - entering critical section [integrity check]
2023-05-21 17:35:31,375 [INFO] PluginManage:307 - Check plugin tools
2023-05-21 17:35:31,378 [INFO] ThirdPartyUpdaterWithRetryManager:70 - Updater plugin not ready yet. [1/15]
2023-05-21 17:35:31,414 [INFO] PluginManage:356 - Loaded plugin tools (category:base,tabindex:7)
2023-05-21 17:35:31,414 [INFO] PluginManage:307 - Check plugin tutovideos
2023-05-21 17:35:31,667 [INFO] PluginManage:356 - Loaded plugin tutovideos (category:base,tabindex:-1)
2023-05-21 17:35:31,667 [INFO] PluginManage:307 - Check plugin updater
2023-05-21 17:35:31,714 [INFO] PluginManage:356 - Loaded plugin updater (category:base,tabindex:12)
2023-05-21 17:35:31,715 [INFO] PluginManage:280 - PluginManage : Loaded plugins [15]
2023-05-21 17:35:32,325 [INFO] PinOutPanel:1477 - setPackage(No Configuration,No Configuration)
2023-05-21 17:35:32,431 [INFO] CADModel:164 - CPN selected for project level
2023-05-21 17:35:32,431 [INFO] CADModel:113 - Register for checkConnection events
2023-05-21 17:35:32,534 [INFO] IPUIPlugin:79 - create IPUIPlugin
2023-05-21 17:35:32,535 [INFO] PluginManager:219 - loadIPPluginJar : add adc
2023-05-21 17:35:32,582 [INFO] IPUIPlugin:79 - create IPUIPlugin
2023-05-21 17:35:32,582 [INFO] PluginManager:219 - loadIPPluginJar : add aes
2023-05-21 17:35:32,621 [INFO] IPUIPlugin:79 - create IPUIPlugin
2023-05-21 17:35:32,621 [INFO] PluginManager:219 - loadIPPluginJar : add can
2023-05-21 17:35:32,649 [INFO] IPUIPlugin:79 - create IPUIPlugin
2023-05-21 17:35:32,649 [INFO] PluginManager:219 - loadIPPluginJar : add comp
2023-05-21 17:35:32,686 [INFO] IPUIPlugin:79 - create IPUIPlugin
2023-05-21 17:35:32,686 [INFO] PluginManager:219 - loadIPPluginJar : add cryp
2023-05-21 17:35:32,713 [INFO] IPUIPlugin:79 - create IPUIPlugin
2023-05-21 17:35:32,714 [INFO] PluginManager:219 - loadIPPluginJar : add dfsdm
2023-05-21 17:35:32,728 [INFO] IPUIPlugin:79 - create IPUIPlugin
2023-05-21 17:35:32,728 [INFO] PluginManager:219 - loadIPPluginJar : add dma
2023-05-21 17:35:32,773 [INFO] IPUIPlugin:79 - create IPUIPlugin
2023-05-21 17:35:32,773 [INFO] PluginManager:219 - loadIPPluginJar : add dma3
2023-05-21 17:35:32,794 [INFO] IPUIPlugin:79 - create IPUIPlugin
2023-05-21 17:35:32,794 [INFO] PluginManager:219 - loadIPPluginJar : add fatfs
2023-05-21 17:35:32,844 [INFO] IPUIPlugin:79 - create IPUIPlugin
2023-05-21 17:35:32,844 [INFO] PluginManager:219 - loadIPPluginJar : add fmc
2023-05-21 17:35:32,871 [INFO] IPUIPlugin:79 - create IPUIPlugin
2023-05-21 17:35:32,872 [INFO] PluginManager:219 - loadIPPluginJar : add freertos
2023-05-21 17:35:32,893 [INFO] IPUIPlugin:79 - create IPUIPlugin
2023-05-21 17:35:32,893 [INFO] PluginManager:219 - loadIPPluginJar : add genericplugin
2023-05-21 17:35:32,997 [INFO] IPUIPlugin:79 - create IPUIPlugin
2023-05-21 17:35:32,997 [INFO] PluginManager:219 - loadIPPluginJar : add gfxmmu
2023-05-21 17:35:33,116 [INFO] IPUIPlugin:79 - create IPUIPlugin
2023-05-21 17:35:33,116 [INFO] PluginManager:219 - loadIPPluginJar : add gic
2023-05-21 17:35:33,144 [INFO] IPUIPlugin:79 - create IPUIPlugin
2023-05-21 17:35:33,145 [INFO] PluginManager:219 - loadIPPluginJar : add gpio
2023-05-21 17:35:33,235 [INFO] IPUIPlugin:79 - create IPUIPlugin
2023-05-21 17:35:33,235 [INFO] PluginManager:219 - loadIPPluginJar : add gtzc
2023-05-21 17:35:33,275 [INFO] IPUIPlugin:79 - create IPUIPlugin
2023-05-21 17:35:33,276 [INFO] PluginManager:219 - loadIPPluginJar : add hash
2023-05-21 17:35:33,324 [INFO] IPUIPlugin:79 - create IPUIPlugin
2023-05-21 17:35:33,324 [INFO] PluginManager:219 - loadIPPluginJar : add i2c
2023-05-21 17:35:33,361 [INFO] IPUIPlugin:79 - create IPUIPlugin
2023-05-21 17:35:33,361 [INFO] PluginManager:219 - loadIPPluginJar : add i2s
2023-05-21 17:35:33,491 [INFO] IPUIPlugin:79 - create IPUIPlugin
2023-05-21 17:35:33,491 [INFO] PluginManager:219 - loadIPPluginJar : add ipddr
2023-05-21 17:35:33,601 [INFO] IPUIPlugin:79 - create IPUIPlugin
2023-05-21 17:35:33,601 [INFO] PluginManager:219 - loadIPPluginJar : add linkedlist
2023-05-21 17:35:33,640 [INFO] IPUIPlugin:79 - create IPUIPlugin
2023-05-21 17:35:33,640 [INFO] PluginManager:219 - loadIPPluginJar : add lorawan
2023-05-21 17:35:33,675 [INFO] IPUIPlugin:79 - create IPUIPlugin
2023-05-21 17:35:33,676 [INFO] PluginManager:219 - loadIPPluginJar : add ltdc
2023-05-21 17:35:33,708 [INFO] IPUIPlugin:79 - create IPUIPlugin
2023-05-21 17:35:33,709 [INFO] PluginManager:219 - loadIPPluginJar : add mdma
2023-05-21 17:35:33,732 [INFO] IPUIPlugin:79 - create IPUIPlugin
2023-05-21 17:35:33,732 [INFO] PluginManager:219 - loadIPPluginJar : add nvic
2023-05-21 17:35:33,765 [INFO] IPUIPlugin:79 - create IPUIPlugin
2023-05-21 17:35:33,765 [INFO] PluginManager:219 - loadIPPluginJar : add opamp
2023-05-21 17:35:33,818 [INFO] IPUIPlugin:79 - create IPUIPlugin
2023-05-21 17:35:33,818 [INFO] PluginManager:219 - loadIPPluginJar : add openamp
2023-05-21 17:35:33,864 [INFO] IPUIPlugin:79 - create IPUIPlugin
2023-05-21 17:35:33,864 [INFO] PluginManager:219 - loadIPPluginJar : add pdm2pcm
2023-05-21 17:35:33,886 [INFO] IPUIPlugin:79 - create IPUIPlugin
2023-05-21 17:35:33,888 [INFO] PluginManager:219 - loadIPPluginJar : add plateformsettings
2023-05-21 17:35:33,909 [INFO] IPUIPlugin:79 - create IPUIPlugin
2023-05-21 17:35:33,910 [INFO] PluginManager:219 - loadIPPluginJar : add quadspi
2023-05-21 17:35:33,934 [INFO] IPUIPlugin:79 - create IPUIPlugin
2023-05-21 17:35:33,935 [INFO] PluginManager:219 - loadIPPluginJar : add resmgrutility
2023-05-21 17:35:33,996 [INFO] IPUIPlugin:79 - create IPUIPlugin
2023-05-21 17:35:33,996 [INFO] PluginManager:219 - loadIPPluginJar : add sai
2023-05-21 17:35:34,030 [INFO] IPUIPlugin:79 - create IPUIPlugin
2023-05-21 17:35:34,030 [INFO] PluginManager:219 - loadIPPluginJar : add spi
2023-05-21 17:35:34,090 [INFO] IPUIPlugin:79 - create IPUIPlugin
2023-05-21 17:35:34,090 [INFO] PluginManager:219 - loadIPPluginJar : add stm32_wpan
2023-05-21 17:35:34,118 [INFO] IPUIPlugin:79 - create IPUIPlugin
2023-05-21 17:35:34,119 [INFO] PluginManager:219 - loadIPPluginJar : add tim
2023-05-21 17:35:34,171 [INFO] IPUIPlugin:79 - create IPUIPlugin
2023-05-21 17:35:34,171 [INFO] PluginManager:219 - loadIPPluginJar : add touchsensing
2023-05-21 17:35:34,192 [INFO] IPUIPlugin:79 - create IPUIPlugin
2023-05-21 17:35:34,192 [INFO] PluginManager:219 - loadIPPluginJar : add tracer_emb
2023-05-21 17:35:34,214 [INFO] IPUIPlugin:79 - create IPUIPlugin
2023-05-21 17:35:34,214 [INFO] PluginManager:219 - loadIPPluginJar : add ts
2023-05-21 17:35:34,236 [INFO] IPUIPlugin:79 - create IPUIPlugin
2023-05-21 17:35:34,236 [INFO] PluginManager:219 - loadIPPluginJar : add tsc
2023-05-21 17:35:34,257 [INFO] IPUIPlugin:79 - create IPUIPlugin
2023-05-21 17:35:34,257 [INFO] PluginManager:219 - loadIPPluginJar : add ucpd
2023-05-21 17:35:34,306 [INFO] IPUIPlugin:79 - create IPUIPlugin
2023-05-21 17:35:34,307 [INFO] PluginManager:219 - loadIPPluginJar : add usart
2023-05-21 17:35:34,357 [INFO] IPUIPlugin:79 - create IPUIPlugin
2023-05-21 17:35:34,357 [INFO] PluginManager:219 - loadIPPluginJar : add usbx
2023-05-21 17:35:34,393 [INFO] ThirdPartyUpdaterWithRetryManager:70 - Updater plugin not ready yet. [2/15]
2023-05-21 17:35:34,541 [INFO] CADModel:164 - CPN selected for project level
2023-05-21 17:35:34,542 [INFO] CADModel:113 - Register for checkConnection events
2023-05-21 17:35:34,542 [FATAL] Updater:308 - Updater called before beeing initialized
2023-05-21 17:35:34,543 [ERROR] CADModel:124 - Updater not yet initialized, retry later 
2023-05-21 17:35:34,838 [INFO] CADModel:164 - CPN selected for project level
2023-05-21 17:35:34,838 [INFO] CADModel:113 - Register for checkConnection events
2023-05-21 17:35:34,838 [FATAL] Updater:308 - Updater called before beeing initialized
2023-05-21 17:35:34,839 [ERROR] CADModel:124 - Updater not yet initialized, retry later 
2023-05-21 17:35:34,842 [FATAL] Updater:308 - Updater called before beeing initialized
2023-05-21 17:35:34,999 [FATAL] Updater:308 - Updater called before beeing initialized
2023-05-21 17:35:35,020 [INFO] DbMcusAds:52 - JSON generation date=Tue Mar 07 00:50:55 PST 2023 (1678179055114)
2023-05-21 17:35:35,020 [FATAL] Updater:308 - Updater called before beeing initialized
2023-05-21 17:35:35,153 [WARN] DetailPanel:344 - Failed to get advertising image, set to default
2023-05-21 17:35:35,319 [FATAL] Updater:308 - Updater called before beeing initialized
2023-05-21 17:35:35,321 [FATAL] Updater:308 - Updater called before beeing initialized
2023-05-21 17:35:35,322 [FATAL] Updater:308 - Updater called before beeing initialized
2023-05-21 17:35:35,322 [WARN] DetailPanel:344 - Failed to get advertising image, set to default
2023-05-21 17:35:35,323 [FATAL] Updater:308 - Updater called before beeing initialized
2023-05-21 17:35:35,405 [ERROR] Updater:1120 - MainUpdater not yet initialized. External WinMGr cannot be set.
2023-05-21 17:35:35,426 [INFO] Updater:1056 - Updater Version found : 6.7.0
2023-05-21 17:35:35,463 [INFO] ApplicationProperties:181 - Using Application install path: E:\STM32CubeIDE_1.11.2\STM32CubeIDE\plugins\com.st.stm32cube.common.mx_6.7.0.202301130839
2023-05-21 17:35:35,674 [INFO] MainUpdater:2800 - connection check result : 10
2023-05-21 17:35:35,675 [INFO] MainUpdater:3494 - Updater definition file requires update
2023-05-21 17:35:35,676 [INFO] MainUpdater:282 - Updater Check For Update Now.
2023-05-21 17:35:35,676 [INFO] MicroXplorer:481 - Change Database Version : DB.6.0.70
2023-05-21 17:35:36,768 [INFO] ServerAccessManage:474 - Download File updaters.zip
2023-05-21 17:35:36,873 [INFO] FileExtend:239 - Unzip File : updaters.zip
2023-05-21 17:35:36,873 [INFO] FileExtend:254 - Standard Zip Deflate
2023-05-21 17:35:37,438 [WARN] MainUpdater:1186 - Updater busy. Cannot search thirdparties
2023-05-21 17:35:37,439 [INFO] ThirdPartyUpdaterWithRetryManager:96 - Updater plugin is busy. [1/15]
2023-05-21 17:35:37,454 [INFO] ServerAccessManage:474 - Download File PacksControlFlags.xml
2023-05-21 17:35:38,040 [INFO] ServerAccessManage:474 - Download File cubemx.pidx
2023-05-21 17:35:38,702 [INFO] ServerAccessManage:474 - Download File STMicroelectronics.FP-ATR-ASTRA1.pdsc
2023-05-21 17:35:39,851 [INFO] ServerAccessManage:474 - Download File STMicroelectronics.FP-SNS-FLIGHT1.pdsc
2023-05-21 17:35:40,124 [INFO] ServerAccessManage:474 - Download File STMicroelectronics.FP-SNS-MOTENV1.pdsc
2023-05-21 17:35:40,449 [WARN] MainUpdater:1186 - Updater busy. Cannot search thirdparties
2023-05-21 17:35:40,449 [INFO] ThirdPartyUpdaterWithRetryManager:96 - Updater plugin is busy. [2/15]
2023-05-21 17:35:40,840 [INFO] ServerAccessManage:474 - Download File STMicroelectronics.X-CUBE-AI.pdsc
2023-05-21 17:35:43,452 [WARN] MainUpdater:1186 - Updater busy. Cannot search thirdparties
2023-05-21 17:35:43,452 [INFO] ThirdPartyUpdaterWithRetryManager:96 - Updater plugin is busy. [3/15]
2023-05-21 17:35:43,686 [INFO] ServerAccessManage:474 - Download File STMicroelectronics.X-CUBE-FREERTOS.pdsc
2023-05-21 17:35:44,874 [INFO] ServerAccessManage:474 - Download File STMicroelectronics.X-CUBE-MEMS1.pdsc
2023-05-21 17:35:46,456 [WARN] MainUpdater:1186 - Updater busy. Cannot search thirdparties
2023-05-21 17:35:46,456 [INFO] ThirdPartyUpdaterWithRetryManager:96 - Updater plugin is busy. [4/15]
2023-05-21 17:35:49,458 [WARN] MainUpdater:1186 - Updater busy. Cannot search thirdparties
2023-05-21 17:35:49,458 [INFO] ThirdPartyUpdaterWithRetryManager:96 - Updater plugin is busy. [5/15]
2023-05-21 17:35:50,813 [INFO] ServerAccessManage:474 - Download File STMicroelectronics.X-CUBE-SMBUS.pdsc
2023-05-21 17:35:51,281 [ERROR] ServerAccessManage:1090 - Problem, file not found on Server
2023-05-21 17:35:51,399 [INFO] ServerAccessManage:474 - Download File STMicroelectronics.X-CUBE-TOF1.pdsc
2023-05-21 17:35:52,471 [WARN] MainUpdater:1186 - Updater busy. Cannot search thirdparties
2023-05-21 17:35:52,472 [INFO] ThirdPartyUpdaterWithRetryManager:96 - Updater plugin is busy. [6/15]
2023-05-21 17:35:53,195 [ERROR] ServerAccessManage:1090 - Problem, file not found on Server
2023-05-21 17:35:53,355 [INFO] ServerAccessManage:474 - Download File STMicroelectronics.X-CUBE-TOUCHGFX.pdsc
2023-05-21 17:35:55,477 [WARN] MainUpdater:1186 - Updater busy. Cannot search thirdparties
2023-05-21 17:35:55,477 [INFO] ThirdPartyUpdaterWithRetryManager:96 - Updater plugin is busy. [7/15]
2023-05-21 17:35:56,286 [INFO] MainUpdater:2800 - connection check result : 10
2023-05-21 17:35:57,049 [INFO] ServerAccessManage:474 - Download File STMicroelectronics.X-CUBE-AZRTOS-H7.pdsc
2023-05-21 17:35:58,489 [WARN] MainUpdater:1186 - Updater busy. Cannot search thirdparties
2023-05-21 17:35:58,489 [INFO] ThirdPartyUpdaterWithRetryManager:96 - Updater plugin is busy. [8/15]
2023-05-21 17:35:58,708 [INFO] ServerAccessManage:474 - Download File STMicroelectronics.X-CUBE-AZRTOS-G4.pdsc
2023-05-21 17:35:59,508 [WARN] PackLoader:242 - Cannot read IP mode file for STMicroelectronics.FP-ATR-ASTRA1.2.0.0
2023-05-21 17:35:59,516 [WARN] PackLoader:242 - Cannot read IP mode file for STMicroelectronics.FP-SNS-FLIGHT1.5.0.0
2023-05-21 17:35:59,526 [ERROR] RealEvaluatedCondition:430 - Found unsupported composite condition: GROUP='STM32_MetaDataManager' CLASS='Data Exchange'
2023-05-21 17:35:59,526 [ERROR] RealEvaluatedCondition:430 - Found unsupported composite condition: GROUP='STM32_MetaDataManager' CLASS='Data Exchange'
2023-05-21 17:35:59,527 [WARN] PackLoader:242 - Cannot read IP mode file for STMicroelectronics.FP-SNS-MOTENV1.4.3.0
2023-05-21 17:35:59,533 [WARN] PackLoader:242 - Cannot read IP mode file for STMicroelectronics.X-CUBE-AI.8.0.1
2023-05-21 17:35:59,541 [WARN] PackLoader:242 - Cannot read IP mode file for STMicroelectronics.X-CUBE-FREERTOS.1.0.1
2023-05-21 17:35:59,601 [WARN] PackLoader:242 - Cannot read IP mode file for STMicroelectronics.X-CUBE-MEMS1.9.6.0
2023-05-21 17:35:59,630 [INFO] CheckServerUpdateThread:119 - End of CheckServer Thread
2023-05-21 17:35:59,783 [WARN] PackLoader:242 - Cannot read IP mode file for STMicroelectronics.X-CUBE-SMBUS.2.1.0
2023-05-21 17:35:59,794 [WARN] PackLoader:242 - Cannot read IP mode file for STMicroelectronics.X-CUBE-TOF1.3.3.0
2023-05-21 17:35:59,806 [WARN] PackLoader:242 - Cannot read IP mode file for STMicroelectronics.X-CUBE-TOUCHGFX.4.21.4
2023-05-21 17:35:59,821 [WARN] ConditionMgr:437 - getConditionDescription Invalid condition id : UX DEVICE CLASS RTOS Condition cause : null
2023-05-21 17:35:59,822 [WARN] ConditionMgr:437 - getConditionDescription Invalid condition id : UX DEVICE CLASS RTOS Condition cause : null
2023-05-21 17:35:59,826 [WARN] PackLoader:242 - Cannot read IP mode file for STMicroelectronics.X-CUBE-AZRTOS-H7.3.1.0
2023-05-21 17:35:59,827 [WARN] ConditionMgr:1038 - genDependencies : Invalid condition id : UX DEVICE CLASS RTOS Condition cause : null
2023-05-21 17:35:59,828 [WARN] ConditionMgr:1038 - genDependencies : Invalid condition id : UX DEVICE CLASS RTOS Condition cause : null
2023-05-21 17:35:59,828 [WARN] ConditionMgr:1038 - genDependencies : Invalid condition id : UX DEVICE CLASS RTOS Condition cause : null
2023-05-21 17:35:59,829 [WARN] ConditionMgr:1038 - genDependencies : Invalid condition id : UX DEVICE CLASS RTOS Condition cause : null
2023-05-21 17:35:59,829 [WARN] ConditionMgr:1038 - genDependencies : Invalid condition id : UX DEVICE CLASS RTOS Condition cause : null
2023-05-21 17:35:59,830 [INFO] MainUpdater:2800 - connection check result : 10
2023-05-21 17:35:59,851 [WARN] PackLoader:242 - Cannot read IP mode file for STMicroelectronics.X-CUBE-AZRTOS-G4.2.0.0
2023-05-21 17:35:59,853 [INFO] PopulateThirdPartyThread:64 - Ending populate Thread
2023-05-21 17:35:59,855 [INFO] ThirdParty:999 - CMSIS Pack Vendor :STMicroelectronics FP-ATR-ASTRA1 2.0.0
2023-05-21 17:35:59,855 [INFO] ThirdParty:999 - CMSIS Pack Vendor :STMicroelectronics FP-SNS-MOTENV1 4.3.0
2023-05-21 17:35:59,856 [INFO] ThirdParty:999 - CMSIS Pack Vendor :STMicroelectronics X-CUBE-FREERTOS 1.0.1
2023-05-21 17:35:59,856 [INFO] ThirdParty:999 - CMSIS Pack Vendor :STMicroelectronics FP-SNS-FLIGHT1 5.0.0
2023-05-21 17:35:59,856 [INFO] ThirdParty:999 - CMSIS Pack Vendor :STMicroelectronics X-CUBE-TOUCHGFX 4.21.4
2023-05-21 17:35:59,856 [INFO] ThirdParty:999 - CMSIS Pack Vendor :STMicroelectronics X-CUBE-AZRTOS-G4 2.0.0
2023-05-21 17:35:59,856 [INFO] ThirdParty:999 - CMSIS Pack Vendor :STMicroelectronics X-CUBE-AI 8.0.1
2023-05-21 17:35:59,856 [INFO] ThirdParty:999 - CMSIS Pack Vendor :STMicroelectronics X-CUBE-SMBUS 2.1.0
2023-05-21 17:35:59,856 [INFO] ThirdParty:999 - CMSIS Pack Vendor :STMicroelectronics X-CUBE-TOF1 3.3.0
2023-05-21 17:35:59,856 [INFO] ThirdParty:999 - CMSIS Pack Vendor :STMicroelectronics X-CUBE-AZRTOS-H7 3.1.0
2023-05-21 17:35:59,856 [INFO] ThirdParty:999 - CMSIS Pack Vendor :STMicroelectronics X-CUBE-MEMS1 9.6.0
2023-05-21 17:35:59,857 [INFO] LoadServerUpdatesThread:367 - End of LoadServerUpdate Thread
2023-05-21 17:36:00,347 [INFO] MicroXplorer:451 - Change Database Path : 
2023-05-21 17:36:00,347 [INFO] MicroXplorer:481 - Change Database Version : DB.6.0.70
2023-05-21 17:36:00,347 [WARN] ThirdParty:845 - waiting for thirdparty lock release [close project]
2023-05-21 17:36:01,714 [WARN] PackLoader:242 - Cannot read IP mode file for STMicroelectronics.X-CUBE-GNSS1.6.0.0
2023-05-21 17:36:01,745 [WARN] PackLoader:242 - Cannot read IP mode file for STMicroelectronics.X-CUBE-AZRTOS-F4.1.1.0
2023-05-21 17:36:01,751 [WARN] PackLoader:242 - Cannot read IP mode file for STMicroelectronics.X-CUBE-SMBUS.2.1.0
2023-05-21 17:36:01,777 [WARN] PackLoader:242 - Cannot read IP mode file for STMicroelectronics.X-CUBE-AZRTOS-F7.1.1.0
2023-05-21 17:36:01,808 [WARN] PackLoader:242 - Cannot read IP mode file for STMicroelectronics.X-CUBE-MEMS1.9.6.0
2023-05-21 17:36:01,949 [ERROR] RealEvaluatedCondition:430 - Found unsupported composite condition: GROUP='STM32_MetaDataManager' CLASS='Data Exchange'
2023-05-21 17:36:01,949 [ERROR] RealEvaluatedCondition:430 - Found unsupported composite condition: CLASS='Data Exchange' GROUP='STM32_MetaDataManager'
2023-05-21 17:36:01,950 [WARN] PackLoader:242 - Cannot read IP mode file for STMicroelectronics.FP-SNS-MOTENV1.4.3.0
2023-05-21 17:36:01,956 [WARN] PackLoader:242 - Cannot read IP mode file for STMicroelectronics.FP-SNS-FLIGHT1.5.0.0
2023-05-21 17:36:01,969 [WARN] PackLoader:242 - Cannot read IP mode file for STMicroelectronics.X-CUBE-BLE1.6.2.4
2023-05-21 17:36:01,985 [WARN] PackLoader:242 - Cannot read IP mode file for emotas.I-CUBE-CANOPEN.1.1.3
2023-05-21 17:36:02,001 [WARN] PackLoader:242 - Cannot read IP mode file for STMicroelectronics.X-CUBE-BLEMGR.2.0.0
2023-05-21 17:36:02,015 [WARN] ConditionMgr:437 - getConditionDescription Invalid condition id : UX DEVICE CLASS RTOS Condition cause : null
2023-05-21 17:36:02,015 [WARN] ConditionMgr:437 - getConditionDescription Invalid condition id : UX DEVICE CLASS RTOS Condition cause : null
2023-05-21 17:36:02,018 [WARN] PackLoader:242 - Cannot read IP mode file for STMicroelectronics.X-CUBE-AZRTOS-H7.3.1.0
2023-05-21 17:36:02,019 [WARN] ConditionMgr:1038 - genDependencies : Invalid condition id : UX DEVICE CLASS RTOS Condition cause : null
2023-05-21 17:36:02,019 [WARN] ConditionMgr:1038 - genDependencies : Invalid condition id : UX DEVICE CLASS RTOS Condition cause : null
2023-05-21 17:36:02,020 [WARN] ConditionMgr:1038 - genDependencies : Invalid condition id : UX DEVICE CLASS RTOS Condition cause : null
2023-05-21 17:36:02,020 [WARN] ConditionMgr:1038 - genDependencies : Invalid condition id : UX DEVICE CLASS RTOS Condition cause : null
2023-05-21 17:36:02,020 [WARN] ConditionMgr:1038 - genDependencies : Invalid condition id : UX DEVICE CLASS RTOS Condition cause : null
2023-05-21 17:36:02,036 [WARN] PackLoader:242 - Cannot read IP mode file for STMicroelectronics.X-CUBE-DISPLAY.3.0.0
2023-05-21 17:36:02,051 [WARN] PackLoader:242 - Cannot read IP mode file for wolfSSL.I-CUBE-wolfSSL.5.5.4
2023-05-21 17:36:02,064 [WARN] PackLoader:242 - Cannot read IP mode file for STMicroelectronics.X-CUBE-NFC7.1.0.0
2023-05-21 17:36:02,077 [WARN] PackLoader:242 - Cannot read IP mode file for STMicroelectronics.X-CUBE-EEPRMA1.4.1.0
2023-05-21 17:36:02,093 [WARN] PackLoader:242 - Cannot read IP mode file for WES.I-CUBE-Cesium.1.3.0
2023-05-21 17:36:02,107 [WARN] PackLoader:242 - Cannot read IP mode file for STMicroelectronics.X-CUBE-SFXS2LP1.4.0.0
2023-05-21 17:36:02,121 [WARN] PackLoader:242 - Cannot read IP mode file for STMicroelectronics.X-CUBE-BLE2.3.3.0
2023-05-21 17:36:02,140 [WARN] PackLoader:242 - Cannot read IP mode file for STMicroelectronics.X-CUBE-TOF1.3.2.0
2023-05-21 17:36:02,177 [WARN] PackLoader:242 - Cannot read IP mode file for STMicroelectronics.X-CUBE-AZRTOS-H7.3.0.0
2023-05-21 17:36:02,195 [WARN] PackLoader:242 - Cannot read IP mode file for STMicroelectronics.X-CUBE-ISPU.1.1.0
2023-05-21 17:36:02,232 [WARN] PackLoader:242 - Cannot read IP mode file for RoweBots.I-CUBE-UNISONRTOS.5.5.0-4
2023-05-21 17:36:02,247 [WARN] PackLoader:242 - Cannot read IP mode file for STMicroelectronics.X-CUBE-AI.8.0.0
2023-05-21 17:36:02,260 [WARN] PackLoader:242 - Cannot read IP mode file for STMicroelectronics.X-CUBE-FREERTOS.1.0.0
2023-05-21 17:36:02,263 [WARN] PackLoader:242 - Cannot read IP mode file for STMicroelectronics.X-CUBE-FREERTOS.1.0.1
2023-05-21 17:36:02,276 [WARN] PackLoader:242 - Cannot read IP mode file for STMicroelectronics.X-CUBE-TOUCHGFX.4.21.1
2023-05-21 17:36:02,278 [WARN] PackLoader:242 - Cannot read IP mode file for STMicroelectronics.X-CUBE-TOUCHGFX.4.21.4
2023-05-21 17:36:02,318 [WARN] PackLoader:242 - Cannot read IP mode file for STMicroelectronics.X-CUBE-MEMS1.9.4.0
2023-05-21 17:36:02,443 [WARN] PackLoader:242 - Cannot read IP mode file for STMicroelectronics.X-CUBE-AI.7.3.0
2023-05-21 17:36:02,456 [WARN] PackLoader:242 - Cannot read IP mode file for STMicroelectronics.X-CUBE-ALGOBUILD.1.3.0
2023-05-21 17:36:02,483 [WARN] PackLoader:242 - Cannot read IP mode file for STMicroelectronics.X-CUBE-AZRTOS-L5.1.1.0
2023-05-21 17:36:02,512 [WARN] PackLoader:242 - Cannot read IP mode file for STMicroelectronics.X-CUBE-AZRTOS-G0.1.1.0
2023-05-21 17:36:02,516 [WARN] PackLoader:242 - Cannot read IP mode file for STMicroelectronics.X-CUBE-AI.8.0.1
2023-05-21 17:36:02,534 [WARN] PackLoader:242 - Cannot read IP mode file for STMicroelectronics.X-CUBE-SUBG2.5.0.0
2023-05-21 17:36:02,552 [WARN] PackLoader:242 - Cannot read IP mode file for STMicroelectronics.X-CUBE-NFC4.3.0.0
2023-05-21 17:36:02,564 [WARN] PackLoader:242 - Cannot read IP mode file for STMicroelectronics.X-CUBE-AZRTOS-G4.2.0.0
2023-05-21 17:36:02,571 [WARN] PackLoader:242 - Cannot read IP mode file for STMicroelectronics.X-CUBE-TOF1.3.3.0
2023-05-21 17:36:02,583 [WARN] PackLoader:242 - Cannot read IP mode file for STMicroelectronics.FP-ATR-ASTRA1.1.1.1
2023-05-21 17:36:02,599 [WARN] PackLoader:242 - Cannot read IP mode file for STMicroelectronics.X-CUBE-BLEMGR.1.3.0
2023-05-21 17:36:02,622 [WARN] PackLoader:242 - Cannot read IP mode file for STMicroelectronics.X-CUBE-AZRTOS-G4.1.0.0
2023-05-21 17:36:02,627 [WARN] PackLoader:242 - Cannot read IP mode file for STMicroelectronics.FP-ATR-SIGFOX1.3.2.0
2023-05-21 17:36:02,653 [WARN] PackLoader:242 - Cannot read IP mode file for STMicroelectronics.X-CUBE-AZRTOS-L4.1.0.0
2023-05-21 17:36:02,674 [WARN] PackLoader:242 - Cannot read IP mode file for STMicroelectronics.X-CUBE-AZRTOS-WL.1.0.0
2023-05-21 17:36:02,687 [WARN] PackLoader:242 - Cannot read IP mode file for portGmbH.I-Cube-SoM-uGOAL.1.1.0
2023-05-21 17:36:02,699 [WARN] PackLoader:242 - Cannot read IP mode file for STMicroelectronics.X-CUBE-ALS.1.0.1
2023-05-21 17:36:02,741 [WARN] PackLoader:242 - Cannot read IP mode file for STMicroelectronics.X-CUBE-MEMS1.9.5.0
2023-05-21 17:36:02,863 [WARN] PackLoader:242 - Cannot read IP mode file for STMicroelectronics.X-CUBE-AZRTOS-WB.1.1.0
2023-05-21 17:36:02,895 [WARN] PackLoader:242 - Cannot read IP mode file for SEGGER.I-CUBE-embOS.1.3.1
2023-05-21 17:36:02,956 [WARN] PackLoader:242 - Cannot read IP mode file for SEGGER.I-CUBE-embOS.1.3.0
2023-05-21 17:36:02,986 [WARN] PackLoader:242 - Cannot read IP mode file for STMicroelectronics.FP-ATR-ASTRA1.2.0.0
2023-05-21 17:36:02,987 [INFO] ThirdParty:947 - Integrity check success = true
2023-05-21 17:36:02,987 [INFO] IntegrityCheckThread:98 - exiting critical section [integrity check]
2023-05-21 17:36:02,987 [INFO] IntegrityCheckThread:101 - End integrity checks thread
2023-05-21 17:36:02,987 [INFO] ThirdParty:847 - entering critical section [close project]
2023-05-21 17:36:03,008 [INFO] ThirdParty:857 - exiting critical section [close project]
2023-05-21 17:36:03,011 [INFO] PinOutPanel:1477 - setPackage(No Configuration,No Configuration)
2023-05-21 17:36:03,015 [INFO] UtilMem:74 - Begin LoadConfig() Used Memory: 516481984 Bytes (713031680)
2023-05-21 17:36:03,016 [INFO] MicroXplorer:451 - Change Database Path : 
2023-05-21 17:36:03,017 [INFO] MicroXplorer:481 - Change Database Version : DB.6.0.70
2023-05-21 17:36:03,017 [INFO] OpenFileManager:307 - Change cursor
2023-05-21 17:36:03,128 [INFO] Mcu:1925 - Initializing MCU STM32F407V(E-G)Tx STM32F407VGTx STM32F407VGT6
2023-05-21 17:36:05,167 [INFO] Context:654 - Trying to add GPIOservice into a context  which must be forbidden
2023-05-21 17:36:06,034 [INFO] RtosManager:489 - Registered RTOS mode: class=CMSIS, group=RTOS, mode=CMSIS_V1, owner=FREERTOS
2023-05-21 17:36:06,034 [INFO] RtosManager:489 - Registered RTOS mode: class=CMSIS, group=RTOS2, mode=CMSIS_V2, owner=FREERTOS
2023-05-21 17:36:06,035 [INFO] RtosManager:489 - Registered RTOS mode: class=RTOS, group=Core, mode=CMSIS_V1, owner=FREERTOS
2023-05-21 17:36:06,035 [INFO] RtosManager:489 - Registered RTOS mode: class=RTOS, group=Core, mode=CMSIS_V2, owner=FREERTOS
2023-05-21 17:36:06,035 [WARN] ModelIntegratedComponent:185 - Missing modes for component STMicroelectronics:FreeRTOS:0.0.1:STMicroelectronics:RTOS:FreeRTOS:Core:::10.2.0:
2023-05-21 17:36:06,049 [WARN] ModelIntegratedComponent:64 - No mode defined for component null
2023-05-21 17:36:06,049 [WARN] ModelIntegratedComponent:64 - No mode defined for component null
2023-05-21 17:36:06,049 [WARN] ModelIntegratedComponent:64 - No mode defined for component null
2023-05-21 17:36:06,049 [WARN] ModelIntegratedComponent:64 - No mode defined for component null
2023-05-21 17:36:06,050 [WARN] ModelIntegratedComponent:64 - No mode defined for component null
2023-05-21 17:36:06,050 [WARN] ModelIntegratedComponent:64 - No mode defined for component null
2023-05-21 17:36:06,050 [WARN] ModelIntegratedComponent:64 - No mode defined for component null
2023-05-21 17:36:06,050 [WARN] ModelIntegratedComponent:64 - No mode defined for component null
2023-05-21 17:36:06,050 [WARN] ModelIntegratedComponent:64 - No mode defined for component null
2023-05-21 17:36:06,050 [WARN] ModelIntegratedComponent:64 - No mode defined for component null
2023-05-21 17:36:06,050 [WARN] ModelIntegratedComponent:64 - No mode defined for component null
2023-05-21 17:36:06,050 [WARN] ModelIntegratedComponent:64 - No mode defined for component null
2023-05-21 17:36:06,050 [WARN] ModelIntegratedComponent:64 - No mode defined for component null
2023-05-21 17:36:06,050 [WARN] ModelIntegratedComponent:64 - No mode defined for component null
2023-05-21 17:36:06,050 [WARN] ModelIntegratedComponent:64 - No mode defined for component null
2023-05-21 17:36:06,050 [WARN] ModelIntegratedComponent:64 - No mode defined for component null
2023-05-21 17:36:06,050 [WARN] ModelIntegratedComponent:64 - No mode defined for component null
2023-05-21 17:36:06,050 [WARN] ModelIntegratedComponent:64 - No mode defined for component null
2023-05-21 17:36:06,050 [WARN] ModelIntegratedComponent:64 - No mode defined for component null
2023-05-21 17:36:06,051 [WARN] ModelIntegratedComponent:64 - No mode defined for component null
2023-05-21 17:36:06,051 [WARN] ModelIntegratedComponent:64 - No mode defined for component null
2023-05-21 17:36:06,051 [WARN] ModelIntegratedComponent:64 - No mode defined for component null
2023-05-21 17:36:06,051 [WARN] ModelIntegratedComponent:64 - No mode defined for component null
2023-05-21 17:36:06,051 [WARN] ModelIntegratedComponent:64 - No mode defined for component null
2023-05-21 17:36:06,051 [WARN] ModelIntegratedComponent:64 - No mode defined for component null
2023-05-21 17:36:06,051 [WARN] ModelIntegratedComponent:64 - No mode defined for component null
2023-05-21 17:36:06,051 [WARN] ModelIntegratedComponent:64 - No mode defined for component null
2023-05-21 17:36:06,051 [WARN] ModelIntegratedComponent:64 - No mode defined for component null
2023-05-21 17:36:06,051 [WARN] ModelIntegratedComponent:64 - No mode defined for component null
2023-05-21 17:36:06,051 [WARN] ModelIntegratedComponent:64 - No mode defined for component null
2023-05-21 17:36:06,051 [WARN] ModelIntegratedComponent:64 - No mode defined for component null
2023-05-21 17:36:06,051 [WARN] ModelIntegratedComponent:64 - No mode defined for component null
2023-05-21 17:36:06,051 [WARN] ModelIntegratedComponent:64 - No mode defined for component null
2023-05-21 17:36:06,157 [INFO] ThirdPartyModel:294 - Start build external matchings
2023-05-21 17:36:06,894 [INFO] ThirdPartyModel:310 - End build external matchings
2023-05-21 17:36:07,313 [INFO] UtilMem:74 - End LoadConfig() Used Memory: 455661600 Bytes (713031680)
2023-05-21 17:36:07,468 [INFO] ApiDb:580 - Connected to CubeFinder SQLite database (C:\Users\Peter\.stmcufinder\plugins\mcufinder\mcu\cube-finder-db.db)
2023-05-21 17:36:07,637 [INFO] ApiDb:667 - CubeFinder database Data Model version=2.1
2023-05-21 17:36:07,637 [INFO] ApiDb:668 - CubeFinder database Configuration version=3.0.35
2023-05-21 17:36:07,637 [INFO] ApiDb:669 - CubeFinder database generation date=2023-03-10 (1678456172)
2023-05-21 17:36:07,637 [INFO] ApiDb:670 - CubeFinder database FW Pack versions=[FP-ATR-ASTRA1_V1.1.1, STM32Cube_FW_C0_V1.0.1, STM32Cube_FW_F0_V1.11.4, STM32Cube_FW_F3_V1.11.4, STM32Cube_FW_F4_V1.27.1, STM32Cube_FW_F7_V1.17.0, STM32Cube_FW_G0_V1.6.1, STM32Cube_FW_G4_V1.5.1, STM32Cube_FW_H5_V0.5.1, STM32Cube_FW_H5_V1.0.0, STM32Cube_FW_H7_V1.11.0, STM32Cube_FW_L0_V1.12.2, STM32Cube_FW_L5_V1.5.0, STM32Cube_FW_U5_V1.2.0, STM32Cube_FW_WBA_V1.0.0, STM32Cube_FW_WBA_V1.0.0RC1, STM32Cube_FW_WBA_V1.0.0RC3, STM32Cube_FW_WB_V1.15.0RC1, STM32Cube_FW_WB_V1.16.0, STM32Cube_FW_WB_V1.16.0RC2, STM32Cube_FW_WL_V1.3.0, X-CUBE-ALGOBUILD_V1.3.0, X-CUBE-ALS_V1.0.1, X-CUBE-AZRTOS-F4_V1.1.0, X-CUBE-AZRTOS-F7_V1.1.0, X-CUBE-AZRTOS-G0_V1.1.0, X-CUBE-AZRTOS-G4_V1.0.0, X-CUBE-AZRTOS-H7_V3.0.0, X-CUBE-AZRTOS-L4_V1.0.0, X-CUBE-AZRTOS-L5_V1.1.0, X-CUBE-AZRTOS-WB_V1.1.0, X-CUBE-AZRTOS-WL_V1.0.0, X-CUBE-BLE1_V6.2.4, X-CUBE-BLE2_V3.3.0, X-CUBE-BLEMGR_V1.3.0, X-CUBE-EEPRMA1_V4.1.0, X-CUBE-GNSS1_V6.0.0, X-CUBE-MEMS1_V9.1.0, X-CUBE-MEMS1_V9.4.0, X-CUBE-MEMS1_V9.5.0, X-CUBE-NFC4_V3.0.0, X-CUBE-NFC7_V1.0.0, X-CUBE-SFXS2LP1_V4.0.0, X-CUBE-SUBG2_V5.0.0]
2023-05-21 17:36:10,696 [INFO] ApiDb:239 - Found 143 in-development CPN: [B-WB1M-WPAN1, B-WL5M-SUBG1, NUCLEO-C031C6, STEVAL-PROTEUS1, STEVAL-STWINBX1, STM320518-EVAL, STM32C0116-DK, STM32C011D6Y3TR, STM32C011D6Y6TR, STM32C011F4P3, STM32C011F4P6, STM32C011F4U3, STM32C011F4U6TR, STM32C011F6P3, STM32C011F6P6, STM32C011F6U3, STM32C011F6U6TR, STM32C011J4M3, STM32C011J4M6, STM32C011J6M3, STM32C011J6M6, STM32C0316-DK, STM32C031C4T3, STM32C031C4T6, STM32C031C4U3, STM32C031C4U6, STM32C031C6T3, STM32C031C6T6, STM32C031C6U3, STM32C031C6U6, STM32C031F4P3, STM32C031F4P6, STM32C031F6P3, STM32C031F6P6, STM32C031G4U3, STM32C031G4U6, STM32C031G6U3, STM32C031G6U6, STM32C031K4T3, STM32C031K4T6, STM32C031K4U3, STM32C031K4U6, STM32C031K6T3, STM32C031K6T6, STM32C031K6U3, STM32C031K6U6, STM32G071K8TXN, STM32G071K8UXN, STM32G081GBU6N, STM32G081KBT6N, STM32G081KBUXN, STM32G0B1CCT6N, STM32G0B1KCT6, STM32G0B1NEY6TR, STM32G0B1RCT6N, STM32G0C1CCT6, STM32G0C1CCT6N, STM32G0C1CCU6N, STM32G0C1CET6N, STM32G0C1CEU6N, STM32G0C1KCT6, STM32G0C1NEY6TR, STM32G0C1RCI6N, STM32G0C1RCT6N, STM32G0C1REI6N, STM32G0C1RET6N, STM32G0C1VCI6, STM32G0C1VEI6, STM32G471CCT6, STM32G471CCU6, STM32G471CET3, STM32G471CET6, STM32G471CEU3, STM32G471CEU6, STM32G471MCT6, STM32G471MET3, STM32G471MET6, STM32G471MEY6TR, STM32G471QCT6, STM32G471QET3, STM32G471RCT6, STM32G471RET3, STM32G471RET6, STM32G471VCH6, STM32G471VCI6, STM32G471VCT6, STM32G471VEH3, STM32G471VEH6, STM32G471VEI3, STM32G471VEI6, STM32G471VET3, STM32G471VET6, STM32G474CCT6, STM32L476VGY6PTR, STM32L4R5QGI6STR, STM32MP131AAE3, STM32MP131AAF3, STM32MP131AAG3, STM32MP131CAE3, STM32MP131CAF3, STM32MP131CAG3, STM32MP131DAE7, STM32MP131DAF7, STM32MP131DAG7, STM32MP131FAE7, STM32MP131FAF7, STM32MP131FAG7, STM32MP133AAE3, STM32MP133AAF3, STM32MP133AAG3, STM32MP133CAE3, STM32MP133CAF3, STM32MP133CAG3, STM32MP133DAE7, STM32MP133DAF7, STM32MP133DAG7, STM32MP133FAE7, STM32MP133FAF7, STM32MP133FAG7, STM32MP135AAE3, STM32MP135AAF3, STM32MP135AAG3, STM32MP135CAE3, STM32MP135CAF3, STM32MP135CAG3, STM32MP135DAE7, STM32MP135DAF7, STM32MP135DAG7, STM32MP135F-DK, STM32MP135FAE7, STM32MP135FAF7, STM32MP135FAF7T, STM32MP135FAF7U, STM32MP135FAG7, STM32U595ZJT6Q, STM32U599BJY6QTR, STM32U599NIH6Q, STM32U599NJH6Q, STM32U5A5ZJT6Q, STM32U5A9BJY6QTR, STM32U5A9NJH6Q, STM32WB1MMCH6, STM32WL5MOCH6TR]
2023-05-21 17:36:10,700 [INFO] DbMcus:215 - Found 3680 MCUs, 3680 are supported
2023-05-21 17:36:10,703 [INFO] ApiDb:422 - Load user favorites file C:\Users\Peter/.stm32cubeide/favorites.mcus.txt: 0 item(s)
2023-05-21 17:36:10,703 [INFO] ApiDb:426 - User favorites MCUs=[]
2023-05-21 17:36:10,704 [INFO] DbMcus:221 - Set 0 / 0 favorites MCUs
2023-05-21 17:36:11,151 [WARN] ThirdParty:807 - waiting for thirdparty lock release [change project]
2023-05-21 17:36:11,151 [INFO] ThirdParty:809 - entering critical section [change project]
2023-05-21 17:36:11,151 [INFO] ThirdParty:999 - CMSIS Pack Vendor :STMicroelectronics X-CUBE-ISPU 1.1.0
2023-05-21 17:36:11,151 [INFO] ThirdParty:999 - CMSIS Pack Vendor :RoweBots I-CUBE-UNISONRTOS 5.5.0-4
2023-05-21 17:36:11,151 [INFO] ThirdParty:999 - CMSIS Pack Vendor :STMicroelectronics X-CUBE-GNSS1 6.0.0
2023-05-21 17:36:11,151 [INFO] ThirdParty:999 - CMSIS Pack Vendor :STMicroelectronics USB_HOST 2.0.0
2023-05-21 17:36:11,152 [INFO] ThirdParty:999 - CMSIS Pack Vendor :STMicroelectronics X-CUBE-AZRTOS-F4 1.1.0
2023-05-21 17:36:11,152 [INFO] ThirdParty:999 - CMSIS Pack Vendor :STMicroelectronics LIBJPEG 8.0.0
2023-05-21 17:36:11,152 [INFO] ThirdParty:999 - CMSIS Pack Vendor :STMicroelectronics X-CUBE-SMBUS 2.1.0
2023-05-21 17:36:11,152 [INFO] ThirdParty:999 - CMSIS Pack Vendor :STMicroelectronics USB_DEVICE 3.0.0
2023-05-21 17:36:11,152 [INFO] ThirdParty:999 - CMSIS Pack Vendor :STMicroelectronics X-CUBE-AI 8.0.0
2023-05-21 17:36:11,152 [INFO] ThirdParty:999 - CMSIS Pack Vendor :STMicroelectronics X-CUBE-FREERTOS 1.0.0
2023-05-21 17:36:11,152 [INFO] ThirdParty:999 - CMSIS Pack Vendor :STMicroelectronics X-CUBE-FREERTOS 1.0.1
2023-05-21 17:36:11,152 [INFO] ThirdParty:999 - CMSIS Pack Vendor :STMicroelectronics X-CUBE-TOUCHGFX 4.21.1
2023-05-21 17:36:11,152 [INFO] ThirdParty:999 - CMSIS Pack Vendor :STMicroelectronics X-CUBE-AZRTOS-F7 1.1.0
2023-05-21 17:36:11,152 [INFO] ThirdParty:999 - CMSIS Pack Vendor :STMicroelectronics X-CUBE-TOUCHGFX 4.21.4
2023-05-21 17:36:11,152 [INFO] ThirdParty:999 - CMSIS Pack Vendor :STMicroelectronics X-CUBE-MEMS1 9.4.0
2023-05-21 17:36:11,152 [INFO] ThirdParty:999 - CMSIS Pack Vendor :STMicroelectronics USB_DEVICE 2.0.0
2023-05-21 17:36:11,152 [INFO] ThirdParty:999 - CMSIS Pack Vendor :STMicroelectronics X-CUBE-MEMS1 9.6.0
2023-05-21 17:36:11,152 [INFO] ThirdParty:999 - CMSIS Pack Vendor :STMicroelectronics X-CUBE-AI 7.3.0
2023-05-21 17:36:11,152 [INFO] ThirdParty:999 - CMSIS Pack Vendor :STMicroelectronics FP-SNS-MOTENV1 4.3.0
2023-05-21 17:36:11,153 [INFO] ThirdParty:999 - CMSIS Pack Vendor :STMicroelectronics FP-SNS-FLIGHT1 5.0.0
2023-05-21 17:36:11,153 [INFO] ThirdParty:999 - CMSIS Pack Vendor :STMicroelectronics X-CUBE-ALGOBUILD 1.3.0
2023-05-21 17:36:11,153 [INFO] ThirdParty:999 - CMSIS Pack Vendor :STMicroelectronics X-CUBE-BLE1 6.2.4
2023-05-21 17:36:11,153 [INFO] ThirdParty:999 - CMSIS Pack Vendor :STMicroelectronics X-CUBE-AZRTOS-L5 1.1.0
2023-05-21 17:36:11,153 [INFO] ThirdParty:999 - CMSIS Pack Vendor :STMicroelectronics FreeRTOS 0.0.1
2023-05-21 17:36:11,153 [INFO] ThirdParty:999 - CMSIS Pack Vendor :emotas I-CUBE-CANOPEN 1.1.3
2023-05-21 17:36:11,153 [INFO] ThirdParty:999 - CMSIS Pack Vendor :STMicroelectronics X-CUBE-AZRTOS-G0 1.1.0
2023-05-21 17:36:11,153 [INFO] ThirdParty:999 - CMSIS Pack Vendor :STMicroelectronics X-CUBE-BLEMGR 2.0.0
2023-05-21 17:36:11,153 [INFO] ThirdParty:999 - CMSIS Pack Vendor :STMicroelectronics X-CUBE-AI 8.0.1
2023-05-21 17:36:11,153 [INFO] ThirdParty:999 - CMSIS Pack Vendor :STMicroelectronics X-CUBE-SUBG2 5.0.0
2023-05-21 17:36:11,153 [INFO] ThirdParty:999 - CMSIS Pack Vendor :STMicroelectronics X-CUBE-NFC4 3.0.0
2023-05-21 17:36:11,153 [INFO] ThirdParty:999 - CMSIS Pack Vendor :STMicroelectronics STM32_WPAN 1.0.0
2023-05-21 17:36:11,153 [INFO] ThirdParty:999 - CMSIS Pack Vendor :STMicroelectronics lwIP 2.0.3
2023-05-21 17:36:11,153 [INFO] ThirdParty:999 - CMSIS Pack Vendor :STMicroelectronics USB_HOST 1.0.0
2023-05-21 17:36:11,154 [INFO] ThirdParty:999 - CMSIS Pack Vendor :STMicroelectronics X-CUBE-AZRTOS-G4 2.0.0
2023-05-21 17:36:11,154 [INFO] ThirdParty:999 - CMSIS Pack Vendor :STMicroelectronics PDM2PCM 3.1.0
2023-05-21 17:36:11,154 [INFO] ThirdParty:999 - CMSIS Pack Vendor :STMicroelectronics X-CUBE-AZRTOS-H7 3.1.0
2023-05-21 17:36:11,154 [INFO] ThirdParty:999 - CMSIS Pack Vendor :STMicroelectronics X-CUBE-TOF1 3.3.0
2023-05-21 17:36:11,154 [INFO] ThirdParty:999 - CMSIS Pack Vendor :STMicroelectronics FP-ATR-ASTRA1 1.1.1
2023-05-21 17:36:11,154 [INFO] ThirdParty:999 - CMSIS Pack Vendor :STMicroelectronics PDM2PCM 3.3.0
2023-05-21 17:36:11,154 [INFO] ThirdParty:999 - CMSIS Pack Vendor :STMicroelectronics X-CUBE-DISPLAY 3.0.0
2023-05-21 17:36:11,154 [INFO] ThirdParty:999 - CMSIS Pack Vendor :STMicroelectronics X-CUBE-BLEMGR 1.3.0
2023-05-21 17:36:11,154 [INFO] ThirdParty:999 - CMSIS Pack Vendor :STMicroelectronics X-CUBE-AZRTOS-G4 1.0.0
2023-05-21 17:36:11,154 [INFO] ThirdParty:999 - CMSIS Pack Vendor :STMicroelectronics FP-ATR-SIGFOX1 3.2.0
2023-05-21 17:36:11,154 [INFO] ThirdParty:999 - CMSIS Pack Vendor :wolfSSL I-CUBE-wolfSSL 5.5.4
2023-05-21 17:36:11,154 [INFO] ThirdParty:999 - CMSIS Pack Vendor :STMicroelectronics X-CUBE-AZRTOS-L4 1.0.0
2023-05-21 17:36:11,155 [INFO] ThirdParty:999 - CMSIS Pack Vendor :STMicroelectronics HAL Drivers 0.0.0
2023-05-21 17:36:11,155 [INFO] ThirdParty:999 - CMSIS Pack Vendor :STMicroelectronics MBEDTLS 2.16.2
2023-05-21 17:36:11,155 [INFO] ThirdParty:999 - CMSIS Pack Vendor :STMicroelectronics MBEDTLS 2.14.1
2023-05-21 17:36:11,155 [INFO] ThirdParty:999 - CMSIS Pack Vendor :STMicroelectronics X-CUBE-NFC7 1.0.0
2023-05-21 17:36:11,155 [INFO] ThirdParty:999 - CMSIS Pack Vendor :STMicroelectronics X-CUBE-AZRTOS-WL 1.0.0
2023-05-21 17:36:11,155 [INFO] ThirdParty:999 - CMSIS Pack Vendor :STMicroelectronics X-CUBE-EEPRMA1 4.1.0
2023-05-21 17:36:11,155 [INFO] ThirdParty:999 - CMSIS Pack Vendor :portGmbH I-Cube-SoM-uGOAL 1.1.0
2023-05-21 17:36:11,155 [INFO] ThirdParty:999 - CMSIS Pack Vendor :STMicroelectronics X-CUBE-ALS 1.0.1
2023-05-21 17:36:11,155 [INFO] ThirdParty:999 - CMSIS Pack Vendor :STMicroelectronics X-CUBE-MEMS1 9.5.0
2023-05-21 17:36:11,155 [INFO] ThirdParty:999 - CMSIS Pack Vendor :STMicroelectronics ThreadX 1.0.0
2023-05-21 17:36:11,155 [INFO] ThirdParty:999 - CMSIS Pack Vendor :STMicroelectronics X-CUBE-AZRTOS-WB 1.1.0
2023-05-21 17:36:11,155 [INFO] ThirdParty:999 - CMSIS Pack Vendor :SEGGER I-CUBE-embOS 1.3.1
2023-05-21 17:36:11,156 [INFO] ThirdParty:999 - CMSIS Pack Vendor :STMicroelectronics USB_DEVICE 1.0.0
2023-05-21 17:36:11,156 [INFO] ThirdParty:999 - CMSIS Pack Vendor :SEGGER I-CUBE-embOS 1.3.0
2023-05-21 17:36:11,156 [INFO] ThirdParty:999 - CMSIS Pack Vendor :STMicroelectronics ThreadX 0.0.2
2023-05-21 17:36:11,156 [INFO] ThirdParty:999 - CMSIS Pack Vendor :WES I-CUBE-Cesium 1.3.0
2023-05-21 17:36:11,156 [INFO] ThirdParty:999 - CMSIS Pack Vendor :STMicroelectronics FP-ATR-ASTRA1 2.0.0
2023-05-21 17:36:11,156 [INFO] ThirdParty:999 - CMSIS Pack Vendor :STMicroelectronics lwIP 2.1.2
2023-05-21 17:36:11,156 [INFO] ThirdParty:999 - CMSIS Pack Vendor :STMicroelectronics X-CUBE-SFXS2LP1 4.0.0
2023-05-21 17:36:11,156 [INFO] ThirdParty:999 - CMSIS Pack Vendor :STMicroelectronics X-CUBE-BLE2 3.3.0
2023-05-21 17:36:11,156 [INFO] ThirdParty:999 - CMSIS Pack Vendor :STMicroelectronics X-CUBE-TOF1 3.2.0
2023-05-21 17:36:11,156 [INFO] ThirdParty:999 - CMSIS Pack Vendor :STMicroelectronics PDM2PCM 3.2.0
2023-05-21 17:36:11,156 [INFO] ThirdParty:999 - CMSIS Pack Vendor :STMicroelectronics X-CUBE-AZRTOS-H7 3.0.0
2023-05-21 17:36:11,156 [INFO] ThirdParty:815 - exiting critical section [change project]
2023-05-21 17:36:11,931 [INFO] PinOutPanel:1477 - setPackage(No Configuration,No Configuration)
2023-05-21 17:36:11,934 [INFO] PinOutPanel:1477 - setPackage(STM32F407VGTx,LQFP100)
2023-05-21 17:36:12,598 [INFO] UtilMem:74 - Before build in PCC Used Memory: 432146432 Bytes (713031680)
2023-05-21 17:36:13,939 [INFO] UtilMem:74 - After build in PCC Used Memory: 481429504 Bytes (713031680)
2023-05-21 17:36:13,993 [INFO] IPUIPlugin:79 - create IPUIPlugin
2023-05-21 17:36:13,993 [INFO] IPUIPlugin:79 - create IPUIPlugin
2023-05-21 17:36:13,993 [INFO] IPUIPlugin:79 - create IPUIPlugin
2023-05-21 17:36:13,994 [INFO] IPUIPlugin:79 - create IPUIPlugin
2023-05-21 17:36:13,994 [INFO] IPUIPlugin:79 - create IPUIPlugin
2023-05-21 17:36:13,994 [INFO] IPUIPlugin:79 - create IPUIPlugin
2023-05-21 17:36:13,994 [INFO] IPUIPlugin:79 - create IPUIPlugin
2023-05-21 17:36:13,995 [INFO] IPUIPlugin:79 - create IPUIPlugin
2023-05-21 17:36:13,995 [INFO] IPUIPlugin:79 - create IPUIPlugin
2023-05-21 17:36:13,995 [INFO] IPUIPlugin:79 - create IPUIPlugin
2023-05-21 17:36:13,995 [INFO] IPUIPlugin:79 - create IPUIPlugin
2023-05-21 17:36:13,995 [INFO] IPUIPlugin:79 - create IPUIPlugin
2023-05-21 17:36:13,995 [INFO] IPUIPlugin:79 - create IPUIPlugin
2023-05-21 17:36:13,995 [INFO] IPUIPlugin:79 - create IPUIPlugin
2023-05-21 17:36:13,995 [INFO] IPUIPlugin:79 - create IPUIPlugin
2023-05-21 17:36:13,997 [INFO] IPUIPlugin:79 - create IPUIPlugin
2023-05-21 17:36:13,997 [INFO] IPUIPlugin:79 - create IPUIPlugin
2023-05-21 17:36:13,997 [INFO] IPUIPlugin:79 - create IPUIPlugin
2023-05-21 17:36:13,997 [INFO] IPUIPlugin:79 - create IPUIPlugin
2023-05-21 17:36:13,997 [INFO] IPUIPlugin:79 - create IPUIPlugin
2023-05-21 17:36:13,997 [INFO] IPUIPlugin:79 - create IPUIPlugin
2023-05-21 17:36:13,998 [INFO] IPUIPlugin:79 - create IPUIPlugin
2023-05-21 17:36:13,998 [INFO] IPUIPlugin:79 - create IPUIPlugin
2023-05-21 17:36:13,998 [INFO] IPUIPlugin:79 - create IPUIPlugin
2023-05-21 17:36:13,998 [INFO] IPUIPlugin:79 - create IPUIPlugin
2023-05-21 17:36:13,998 [INFO] IPUIPlugin:79 - create IPUIPlugin
2023-05-21 17:36:13,998 [INFO] IPUIPlugin:79 - create IPUIPlugin
2023-05-21 17:36:13,999 [INFO] IPUIPlugin:79 - create IPUIPlugin
2023-05-21 17:36:13,999 [INFO] IPUIPlugin:79 - create IPUIPlugin
2023-05-21 17:36:14,000 [INFO] IPUIPlugin:79 - create IPUIPlugin
2023-05-21 17:36:14,000 [INFO] IPUIPlugin:79 - create IPUIPlugin
2023-05-21 17:36:14,000 [INFO] IPUIPlugin:79 - create IPUIPlugin
2023-05-21 17:36:14,000 [INFO] IPUIPlugin:79 - create IPUIPlugin
2023-05-21 17:36:14,000 [INFO] IPUIPlugin:79 - create IPUIPlugin
2023-05-21 17:36:14,001 [INFO] IPUIPlugin:79 - create IPUIPlugin
2023-05-21 17:36:14,001 [INFO] IPUIPlugin:79 - create IPUIPlugin
2023-05-21 17:36:14,001 [INFO] IPUIPlugin:79 - create IPUIPlugin
2023-05-21 17:36:14,001 [INFO] IPUIPlugin:79 - create IPUIPlugin
2023-05-21 17:36:14,001 [INFO] IPUIPlugin:79 - create IPUIPlugin
2023-05-21 17:36:14,002 [INFO] IPUIPlugin:79 - create IPUIPlugin
2023-05-21 17:36:14,002 [INFO] IPUIPlugin:79 - create IPUIPlugin
2023-05-21 17:36:14,002 [INFO] IPUIPlugin:79 - create IPUIPlugin
2023-05-21 17:36:14,002 [INFO] IPUIPlugin:79 - create IPUIPlugin
2023-05-21 17:36:14,003 [INFO] IPUIPlugin:79 - create IPUIPlugin
2023-05-21 17:36:14,003 [INFO] IPUIPlugin:79 - create IPUIPlugin
2023-05-21 17:36:14,003 [INFO] IPUIPlugin:79 - create IPUIPlugin
2023-05-21 17:36:14,003 [INFO] IPUIPlugin:79 - create IPUIPlugin
2023-05-21 17:36:14,003 [INFO] IPUIPlugin:79 - create IPUIPlugin
2023-05-21 17:36:14,004 [INFO] IPUIPlugin:79 - create IPUIPlugin
2023-05-21 17:36:14,004 [INFO] IPUIPlugin:79 - create IPUIPlugin
2023-05-21 17:36:14,004 [INFO] IPUIPlugin:79 - create IPUIPlugin
2023-05-21 17:36:14,005 [INFO] IPUIPlugin:79 - create IPUIPlugin
2023-05-21 17:36:14,005 [INFO] IPUIPlugin:79 - create IPUIPlugin
2023-05-21 17:36:14,006 [INFO] IPUIPlugin:79 - create IPUIPlugin
2023-05-21 17:36:14,008 [INFO] IPUIPlugin:79 - create IPUIPlugin
2023-05-21 17:36:14,008 [INFO] IPUIPlugin:79 - create IPUIPlugin
2023-05-21 17:36:14,009 [INFO] IPUIPlugin:79 - create IPUIPlugin
2023-05-21 17:36:14,009 [INFO] IPUIPlugin:79 - create IPUIPlugin
2023-05-21 17:36:14,112 [INFO] ApiDbMcu:505 - Load IP Config File for PDM2PCM
2023-05-21 17:36:14,130 [WARN] IP:2112 - I2C_Coeff_DF not found: check if there is a RefParameter without a condition.
2023-05-21 17:36:14,131 [WARN] IP:2112 - Analog_Filter not found: check if there is a RefParameter without a condition.
2023-05-21 17:36:14,396 [INFO] CADModel:164 - CPN selected for project levelSTM32F407VGT6
2023-05-21 17:36:14,396 [INFO] CADModel:113 - Register for checkConnection events
2023-05-21 17:36:14,446 [INFO] OpenFileManager:327 - Restore cursor
2023-05-21 17:36:14,717 [WARN] IP:2112 - I2C_Coeff_DF not found: check if there is a RefParameter without a condition.
2023-05-21 17:36:14,718 [WARN] IP:2112 - Analog_Filter not found: check if there is a RefParameter without a condition.
2023-05-21 17:36:14,718 [WARN] IP:2112 - I2C_Coeff_DF not found: check if there is a RefParameter without a condition.
2023-05-21 17:36:14,718 [WARN] IP:2112 - Analog_Filter not found: check if there is a RefParameter without a condition.
2023-05-21 17:39:41,650 [INFO] UtilMem:74 - End SaveConfig() Used Memory: 472201192 Bytes (713031680)
2023-05-21 17:39:45,132 [INFO] UtilMem:74 - End SaveConfig() Used Memory: 519457936 Bytes (713031680)
2023-05-21 17:39:51,243 [INFO] UtilMem:74 - End SaveConfig() Used Memory: 469243936 Bytes (713031680)
2023-05-21 17:39:51,797 [INFO] BlockDiagram:2759 - set Specific Code input for plugin: TIM1_8
2023-05-21 17:39:51,798 [INFO] BlockDiagram:2759 - set Specific Code input for plugin: SYS
2023-05-21 17:39:51,798 [INFO] BlockDiagram:2759 - set Specific Code input for plugin: ADC
2023-05-21 17:39:51,798 [INFO] BlockDiagram:2759 - set Specific Code input for plugin: RCC
2023-05-21 17:39:51,798 [INFO] BlockDiagram:2759 - set Specific Code input for plugin: I2C
2023-05-21 17:39:51,798 [INFO] BlockDiagram:2759 - set Specific Code input for plugin: NVIC
2023-05-21 17:39:51,798 [INFO] BlockDiagram:2759 - set Specific Code input for plugin: GPIO
2023-05-21 17:39:51,800 [INFO] CodeGenerator:692 - code generatio: config db path: E:\STM32CubeIDE_1.11.2\STM32CubeIDE\plugins\com.st.stm32cube.common.mx_6.7.0.202301130839\\db\
2023-05-21 17:39:51,821 [WARN] IP:2112 - I2C_Coeff_DF not found: check if there is a RefParameter without a condition.
2023-05-21 17:39:51,822 [WARN] IP:2112 - Analog_Filter not found: check if there is a RefParameter without a condition.
2023-05-21 17:39:52,193 [INFO] CodeEngine:247 - oldGeneratedFile, C:\Users\Peter\Desktop\Project\ubc_sc\SmartCityLiving\3328\MXTmpFiles\license.tmp_save
2023-05-21 17:39:52,841 [INFO] CodeEngine:271 - Generated code: C:\Users\Peter\Desktop\Project\ubc_sc\SmartCityLiving\3328\MXTmpFiles\license.tmp
2023-05-21 17:39:53,057 [INFO] CodeEngine:247 - oldGeneratedFile, C:\Users\Peter\Desktop\Project\ubc_sc\SmartCityLiving\3328\MXTmpFiles\gpio.tmp_save
2023-05-21 17:39:53,265 [INFO] CodeEngine:271 - Generated code: C:\Users\Peter\Desktop\Project\ubc_sc\SmartCityLiving\3328\MXTmpFiles\gpio.tmp
2023-05-21 17:39:53,639 [INFO] CodeEngine:247 - oldGeneratedFile, C:\Users\Peter\Desktop\Project\ubc_sc\SmartCityLiving\3328\Core\Src\stm32f4xx_it.c_save
2023-05-21 17:39:53,842 [INFO] CodeEngine:271 - Generated code: C:\Users\Peter\Desktop\Project\ubc_sc\SmartCityLiving\3328\Core\Src\stm32f4xx_it.c
2023-05-21 17:39:53,862 [INFO] CodeEngine:247 - oldGeneratedFile, C:\Users\Peter\Desktop\Project\ubc_sc\SmartCityLiving\3328\Core\Inc\stm32f4xx_it.h_save
2023-05-21 17:39:54,235 [INFO] CodeEngine:271 - Generated code: C:\Users\Peter\Desktop\Project\ubc_sc\SmartCityLiving\3328\Core\Inc\stm32f4xx_it.h
2023-05-21 17:39:54,312 [INFO] CodeEngine:247 - oldGeneratedFile, C:\Users\Peter\Desktop\Project\ubc_sc\SmartCityLiving\3328\Core\Src\stm32f4xx_hal_msp.c_save
2023-05-21 17:39:54,603 [INFO] CodeEngine:271 - Generated code: C:\Users\Peter\Desktop\Project\ubc_sc\SmartCityLiving\3328\Core\Src\stm32f4xx_hal_msp.c
2023-05-21 17:39:54,630 [INFO] CodeEngine:247 - oldGeneratedFile, C:\Users\Peter\Desktop\Project\ubc_sc\SmartCityLiving\3328\MXTmpFiles\system.tmp_save
2023-05-21 17:39:54,715 [INFO] CodeEngine:271 - Generated code: C:\Users\Peter\Desktop\Project\ubc_sc\SmartCityLiving\3328\MXTmpFiles\system.tmp
2023-05-21 17:39:54,835 [INFO] CodeEngine:303 - oldGeneratedFile, C:\Users\Peter\Desktop\Project\ubc_sc\SmartCityLiving\3328\Core\Inc\stm32f4xx_hal_conf.h_save
2023-05-21 17:39:55,066 [INFO] CodeEngine:327 - Generated code: C:\Users\Peter\Desktop\Project\ubc_sc\SmartCityLiving\3328\Core\Inc\stm32f4xx_hal_conf.h
2023-05-21 17:39:55,132 [WARN] IPConfigManager:3414 - IP not found : TIM
2023-05-21 17:39:55,136 [WARN] CodeGenerator:3583 - IP not found : null
2023-05-21 17:39:55,229 [INFO] CodeEngine:247 - oldGeneratedFile, C:\Users\Peter\Desktop\Project\ubc_sc\SmartCityLiving\3328\Core\Inc\main.h_save
2023-05-21 17:39:55,347 [INFO] CodeEngine:271 - Generated code: C:\Users\Peter\Desktop\Project\ubc_sc\SmartCityLiving\3328\Core\Inc\main.h
2023-05-21 17:39:55,377 [INFO] CodeEngine:247 - oldGeneratedFile, C:\Users\Peter\Desktop\Project\ubc_sc\SmartCityLiving\3328\Core\Src\main.c_save
2023-05-21 17:39:55,726 [INFO] CodeEngine:271 - Generated code: C:\Users\Peter\Desktop\Project\ubc_sc\SmartCityLiving\3328\Core\Src\main.c
2023-05-21 17:39:57,319 [INFO] ProjectBuilder:2919 - Time for Copy HAL[0] : 948mS.
2023-05-21 17:39:57,337 [INFO] ProjectBuilder:4183 - Project Generator version: 3.18.0-B7
2023-05-21 17:39:57,731 [INFO] ConfigFileManager:1396 - The Die is : DIE413
2023-05-21 17:39:57,752 [INFO] ApiDbMcu:505 - Load IP Config File for FATFS
2023-05-21 17:39:57,772 [INFO] ApiDbMcu:505 - Load IP Config File for FREERTOS
2023-05-21 17:39:57,785 [INFO] ApiDbMcu:505 - Load IP Config File for LIBJPEG
2023-05-21 17:39:57,806 [INFO] ApiDbMcu:505 - Load IP Config File for LWIP
2023-05-21 17:39:57,821 [INFO] ApiDbMcu:505 - Load IP Config File for MBEDTLS
2023-05-21 17:39:57,863 [INFO] ApiDbMcu:505 - Load IP Config File for USB_DEVICE
2023-05-21 17:39:57,891 [INFO] ApiDbMcu:505 - Load IP Config File for USB_HOST
2023-05-21 17:40:07,967 [INFO] ProjectBuilder:4351 - Time for Generating toolchain IDE Files: 10630mS.
2023-05-21 17:40:14,624 [INFO] ProjectBuilder:2790 - Time for Copy CMSIS : 6656mS.
2023-05-21 17:40:15,893 [INFO] ProjectBuilder:2790 - Time for Copy CMSIS : 1265mS.
2023-05-21 20:12:40,643 [INFO] JxBrowserEngine:114 - Initiate JxBrowser Engine with user profile folder
2023-05-21 20:12:47,573 [INFO] WebAppUi:459 - Close the Jxbrowser engine manually
2023-05-21 20:12:47,634 [INFO] WebAppUi:462 - Profiles folder deleted
2023-05-21 20:12:48,621 [ERROR] LogOutputStream:74 - [STDERR_REDIRECT] 
